Start testing: Jun 30 17:45 IST
----------------------------------------------------------
1/1 Testing: lexer_tests
1/1 Test: lexer_tests
Command: "/Users/sarathpatti/Matlite/build/matlite_lexer_tests"
Directory: /Users/sarathpatti/Matlite/build
"lexer_tests" start time: Jun 30 17:45 IST
Output:
----------------------------------------------------------
<end of output>
Test time =   0.01 sec
----------------------------------------------------------
Test Passed.
"lexer_tests" end time: Jun 30 17:45 IST
"lexer_tests" time elapsed: 00:00:00
----------------------------------------------------------

End testing: Jun 30 17:45 IST
